1703191670503	geckodriver	INFO	Listening on 127.0.0.1:57063
1703191673564	mozrunner::runner	INFO	Running command: "C:\\Program Files\\Mozilla Firefox\\firefox.exe" "--marionette" "--remote-debugging-port" "57064" "--remote-allow-hosts" "localhost" "-no-remote" "-profile" "C:\\Users\\car06\\AppData\\Local\\Temp\\rust_mozprofile7vh6BM"
console.warn: services.settings: Ignoring preference override of remote settings server
console.warn: services.settings: Allow by setting MOZ_REMOTE_SETTINGS_DEVTOOLS=1 in the environment
1703191674452	Marionette	INFO	Marionette enabled
Dynamically enable window occlusion 0
1703191674671	Marionette	INFO	Listening on port 57083
WebDriver BiDi listening on ws://127.0.0.1:57064
Read port: 57083
1703191675068	RemoteAgent	WARN	TLS certificate errors will be ignored for this session
DevTools listening on ws://127.0.0.1:57064/devtools/browser/1d092240-f677-4db0-a715-b15218d86a0b
JavaScript warning: https://static.xx.fbcdn.net/rsrc.php/v3iLCl4/yq/l/es_LA/D3XrCjdXtFY.js?_nc_x=Ij3Wp8lg5Kz, line 19: WEBGL_debug_renderer_info is deprecated in Firefox and will be removed. Please use RENDERER.
console.warn: LoginRecipes: "Falling back to a synchronous message for: https://www.facebook.com."
console.warn: LoginRecipes: "Falling back to a synchronous message for: https://www.facebook.com."
console.warn: LoginRecipes: "Falling back to a synchronous message for: https://www.facebook.com."
console.warn: LoginRecipes: "Falling back to a synchronous message for: https://www.facebook.com."
1703191691144	Marionette	INFO	Stopped listening on port 57083
Dynamically enable window occlusion 1
1703191833780	geckodriver	INFO	Listening on 127.0.0.1:57168
1703191836845	mozrunner::runner	INFO	Running command: "C:\\Program Files\\Mozilla Firefox\\firefox.exe" "--marionette" "--remote-debugging-port" "57169" "--remote-allow-hosts" "localhost" "-no-remote" "-profile" "C:\\Users\\car06\\AppData\\Local\\Temp\\rust_mozprofileh1oY7c"
console.warn: services.settings: Ignoring preference override of remote settings server
console.warn: services.settings: Allow by setting MOZ_REMOTE_SETTINGS_DEVTOOLS=1 in the environment
1703191837673	Marionette	INFO	Marionette enabled
Dynamically enable window occlusion 0
1703191837883	Marionette	INFO	Listening on port 57176
WebDriver BiDi listening on ws://127.0.0.1:57169
Read port: 57176
1703191838283	RemoteAgent	WARN	TLS certificate errors will be ignored for this session
DevTools listening on ws://127.0.0.1:57169/devtools/browser/bea84114-9eb7-494a-8474-26631f9a7e75
JavaScript warning: https://static.xx.fbcdn.net/rsrc.php/v3iLCl4/yq/l/es_LA/D3XrCjdXtFY.js?_nc_x=Ij3Wp8lg5Kz, line 19: WEBGL_debug_renderer_info is deprecated in Firefox and will be removed. Please use RENDERER.
console.warn: LoginRecipes: "Falling back to a synchronous message for: https://www.facebook.com."
console.warn: LoginRecipes: "Falling back to a synchronous message for: https://www.facebook.com."
console.warn: LoginRecipes: "Falling back to a synchronous message for: https://www.facebook.com."
console.warn: LoginRecipes: "Falling back to a synchronous message for: https://www.facebook.com."
1703191868467	addons.xpi	ERROR	System addon update list error SyntaxError: XMLHttpRequest.open: 'http://%(server)s/dummy-system-addons.xml' is not a valid URL.
console.log: "RemoteSettingsWorker error: DataError: IndexedDB: records, timestamps execute() Data provided to an operation does not meet requirements."
console.error: (new RemoteSettingsWorkerError("DataError: IndexedDB: records, timestamps execute() Data provided to an operation does not meet requirements.", "resource://services-settings/RemoteSettingsWorker.sys.mjs", 34))
1703192496622	Marionette	INFO	Stopped listening on port 57176
Dynamically enable window occlusion 1
ng command: "C:\\Program Files\\Mozilla Firefox\\firefox.exe" "--marionette" "--remote-debugging-port" "57237" "--remote-allow-hosts" "localhost" "-no-remote" "-profile" "C:\\Users\\car06\\AppData\\Local\\Temp\\rust_mozprofileOYklD5"
console.warn: services.settings: Ignoring preference override of remote settings server
console.warn: services.settings: Allow by setting MOZ_REMOTE_SETTINGS_DEVTOOLS=1 in the environment
1703191895203	Marionette	INFO	Marionette enabled
Dynamically enable window occlusion 0
1703191895375	Marionette	INFO	Listening on port 57244
WebDriver BiDi listening on ws://127.0.0.1:57237
Read port: 57244
1703191895737	RemoteAgent	WARN	TLS certificate errors will be ignored for this session
DevTools listening on ws://127.0.0.1:57237/devtools/browser/807ec6df-3557-453d-b2a0-2e9f483c5ff8
JavaScript warning: https://static.xx.fbcdn.net/rsrc.php/v3iLCl4/yq/l/es_LA/D3XrCjdXtFY.js?_nc_x=Ij3Wp8lg5Kz, line 19: WEBGL_debug_renderer_info is deprecated in Firefox and will be removed. Please use RENDERER.
console.warn: LoginRecipes: "Falling back to a synchronous message for: https://www.facebook.com."
console.warn: LoginRecipes: "Falling back to a synchronous message for: https://www.facebook.com."
console.warn: LoginRecipes: "Falling back to a synchronous message for: https://www.facebook.com."
console.warn: LoginRecipes: "Falling back to a synchronous message for: https://www.facebook.com."
1703191926111	addons.xpi	ERROR	System addon update list error SyntaxError: XMLHttpRequest.open: 'http://%(server)s/dummy-system-addons.xml' is not a valid URL.
console.log: "RemoteSettingsWorker error: DataError: IndexedDB: records, timestamps execute() Data provided to an operation does not meet requirements."
console.error: (new RemoteSettingsWorkerError("DataError: IndexedDB: records, timestamps execute() Data provided to an operation does not meet requirements.", "resource://services-settings/RemoteSettingsWorker.sys.mjs", 34))
1703192497766	Marionette	INFO	Stopped listening on port 57244
Dynamically enable window occlusion 1
ng command: "C:\\Program Files\\Mozilla Firefox\\firefox.exe" "--marionette" "--remote-debugging-port" "57317" "--remote-allow-hosts" "localhost" "-no-remote" "-profile" "C:\\Users\\car06\\AppData\\Local\\Temp\\rust_mozprofilePr1iIM"
console.warn: services.settings: Ignoring preference override of remote settings server
console.warn: services.settings: Allow by setting MOZ_REMOTE_SETTINGS_DEVTOOLS=1 in the environment
1703192057154	Marionette	INFO	Marionette enabled
Dynamically enable window occlusion 0
1703192057451	Marionette	INFO	Listening on port 57325
WebDriver BiDi listening on ws://127.0.0.1:57317
Read port: 57325
1703192057840	RemoteAgent	WARN	TLS certificate errors will be ignored for this session
DevTools listening on ws://127.0.0.1:57317/devtools/browser/17b08f42-ad11-4dcc-bd59-f70590134ec9
JavaScript warning: https://static.xx.fbcdn.net/rsrc.php/v3iLCl4/yq/l/es_LA/D3XrCjdXtFY.js?_nc_x=Ij3Wp8lg5Kz, line 19: WEBGL_debug_renderer_info is deprecated in Firefox and will be removed. Please use RENDERER.
console.warn: LoginRecipes: "Falling back to a synchronous message for: https://www.facebook.com."
console.warn: LoginRecipes: "Falling back to a synchronous message for: https://www.facebook.com."
console.warn: LoginRecipes: "Falling back to a synchronous message for: https://www.facebook.com."
console.warn: LoginRecipes: "Falling back to a synchronous message for: https://www.facebook.com."
1703192068298	Marionette	INFO	Stopped listening on port 57325
Dynamically enable window occlusion 1
1703192188391	geckodriver	INFO	Listening on 127.0.0.1:57409
1703192191460	mozrunner::runner	INFO	Running command: "C:\\Program Files\\Mozilla Firefox\\firefox.exe" "--marionette" "--remote-debugging-port" "57410" "--remote-allow-hosts" "localhost" "-no-remote" "-profile" "C:\\Users\\car06\\AppData\\Local\\Temp\\rust_mozprofilenLHdjQ"
console.warn: services.settings: Ignoring preference override of remote settings server
console.warn: services.settings: Allow by setting MOZ_REMOTE_SETTINGS_DEVTOOLS=1 in the environment
1703192192177	Marionette	INFO	Marionette enabled
Dynamically enable window occlusion 0
1703192192347	Marionette	INFO	Listening on port 57418
WebDriver BiDi listening on ws://127.0.0.1:57410
Read port: 57418
1703192192700	RemoteAgent	WARN	TLS certificate errors will be ignored for this session
DevTools listening on ws://127.0.0.1:57410/devtools/browser/0da033f0-2b3c-4297-b934-aa843c588c8f
JavaScript warning: https://static.xx.fbcdn.net/rsrc.php/v3iLCl4/yq/l/es_LA/D3XrCjdXtFY.js?_nc_x=Ij3Wp8lg5Kz, line 19: WEBGL_debug_renderer_info is deprecated in Firefox and will be removed. Please use RENDERER.
console.warn: LoginRecipes: "Falling back to a synchronous message for: https://www.facebook.com."
console.warn: LoginRecipes: "Falling back to a synchronous message for: https://www.facebook.com."
console.warn: LoginRecipes: "Falling back to a synchronous message for: https://www.facebook.com."
console.warn: LoginRecipes: "Falling back to a synchronous message for: https://www.facebook.com."
1703192202091	Marionette	INFO	Stopped listening on port 57418
JavaScript warning: https://static.xx.fbcdn.net/rsrc.php/v3/yg/r/MbkC-2_EJ0h.js?_nc_x=Ij3Wp8lg5Kz, line 327: Script terminated by timeout at:
d@https://static.xx.fbcdn.net/rsrc.php/v3/yg/r/MbkC-2_EJ0h.js?_nc_x=Ij3Wp8lg5Kz:327:1551

JavaScript warning: https://static.xx.fbcdn.net/rsrc.php/v3/yg/r/MbkC-2_EJ0h.js?_nc_x=Ij3Wp8lg5Kz, line 50: Script terminated by timeout at:
E@https://static.xx.fbcdn.net/rsrc.php/v3/yg/r/MbkC-2_EJ0h.js?_nc_x=Ij3Wp8lg5Kz:50:1475
e@https://static.xx.fbcdn.net/rsrc.php/v3/yg/r/MbkC-2_EJ0h.js?_nc_x=Ij3Wp8lg5Kz:360:142

Dynamically enable window occlusion 1
1703192291626	geckodriver	INFO	Listening on 127.0.0.1:57490
1703192294756	mozrunner::runner	INFO	Running command: "C:\\Program Files\\Mozilla Firefox\\firefox.exe" "--marionette" "--remote-debugging-port" "57491" "--remote-allow-hosts" "localhost" "-no-remote" "-profile" "C:\\Users\\car06\\AppData\\Local\\Temp\\rust_mozprofileF4Pvz5"
console.warn: services.settings: Ignoring preference override of remote settings server
console.warn: services.settings: Allow by setting MOZ_REMOTE_SETTINGS_DEVTOOLS=1 in the environment
1703192295371	Marionette	INFO	Marionette enabled
Dynamically enable window occlusion 0
1703192295572	Marionette	INFO	Listening on port 57500
WebDriver BiDi listening on ws://127.0.0.1:57491
Read port: 57500
1703192295973	RemoteAgent	WARN	TLS certificate errors will be ignored for this session
DevTools listening on ws://127.0.0.1:57491/devtools/browser/32f26914-f90f-4d24-8121-b5af5f15af5b
JavaScript warning: https://static.xx.fbcdn.net/rsrc.php/v3iLCl4/yq/l/es_LA/D3XrCjdXtFY.js?_nc_x=Ij3Wp8lg5Kz, line 19: WEBGL_debug_renderer_info is deprecated in Firefox and will be removed. Please use RENDERER.
console.warn: LoginRecipes: "Falling back to a synchronous message for: https://www.facebook.com."
console.warn: LoginRecipes: "Falling back to a synchronous message for: https://www.facebook.com."
console.warn: LoginRecipes: "Falling back to a synchronous message for: https://www.facebook.com."
console.warn: LoginRecipes: "Falling back to a synchronous message for: https://www.facebook.com."
1703192306749	Marionette	INFO	Stopped listening on port 57500
JavaScript warning: https://static.xx.fbcdn.net/rsrc.php/v3/yg/r/MbkC-2_EJ0h.js?_nc_x=Ij3Wp8lg5Kz, line 50: Script terminated by timeout at:
E@https://static.xx.fbcdn.net/rsrc.php/v3/yg/r/MbkC-2_EJ0h.js?_nc_x=Ij3Wp8lg5Kz:50:1475
e@https://static.xx.fbcdn.net/rsrc.php/v3/yg/r/MbkC-2_EJ0h.js?_nc_x=Ij3Wp8lg5Kz:360:142

Dynamically enable window occlusion 1
1703193045181	geckodriver	INFO	Listening on 127.0.0.1:57649
1703193048240	mozrunner::runner	INFO	Running command: "C:\\Program Files\\Mozilla Firefox\\firefox.exe" "--marionette" "--remote-debugging-port" "57650" "--remote-allow-hosts" "localhost" "-no-remote" "-profile" "C:\\Users\\car06\\AppData\\Local\\Temp\\rust_mozprofileOWzu5u"
console.warn: services.settings: Ignoring preference override of remote settings server
console.warn: services.settings: Allow by setting MOZ_REMOTE_SETTINGS_DEVTOOLS=1 in the environment
1703193048961	Marionette	INFO	Marionette enabled
Dynamically enable window occlusion 0
1703193049141	Marionette	INFO	Listening on port 57657
WebDriver BiDi listening on ws://127.0.0.1:57650
Read port: 57657
1703193049610	RemoteAgent	WARN	TLS certificate errors will be ignored for this session
DevTools listening on ws://127.0.0.1:57650/devtools/browser/56e1d12c-edf8-4c92-9dcb-895b63baf071
JavaScript warning: https://static.xx.fbcdn.net/rsrc.php/v3iLCl4/yq/l/es_LA/D3XrCjdXtFY.js?_nc_x=Ij3Wp8lg5Kz, line 19: WEBGL_debug_renderer_info is deprecated in Firefox and will be removed. Please use RENDERER.
1703193081423	addons.xpi	ERROR	System addon update list error SyntaxError: XMLHttpRequest.open: 'http://%(server)s/dummy-system-addons.xml' is not a valid URL.
console.log: "RemoteSettingsWorker error: DataError: IndexedDB: records, timestamps execute() Data provided to an operation does not meet requirements."
console.error: (new RemoteSettingsWorkerError("DataError: IndexedDB: records, timestamps execute() Data provided to an operation does not meet requirements.", "resource://services-settings/RemoteSettingsWorker.sys.mjs", 34))
1703193666022	Marionette	INFO	Stopped listening on port 57657
Dynamically enable window occlusion 1
ng command: "C:\\Program Files\\Mozilla Firefox\\firefox.exe" "--marionette" "--remote-debugging-port" "57733" "--remote-allow-hosts" "localhost" "-no-remote" "-profile" "C:\\Users\\car06\\AppData\\Local\\Temp\\rust_mozprofile8OLfP1"
console.warn: services.settings: Ignoring preference override of remote settings server
console.warn: services.settings: Allow by setting MOZ_REMOTE_SETTINGS_DEVTOOLS=1 in the environment
1703193196309	Marionette	INFO	Marionette enabled
Dynamically enable window occlusion 0
1703193196481	Marionette	INFO	Listening on port 57741
WebDriver BiDi listening on ws://127.0.0.1:57733
Read port: 57741
1703193196840	RemoteAgent	WARN	TLS certificate errors will be ignored for this session
DevTools listening on ws://127.0.0.1:57733/devtools/browser/ad52ef73-9bda-4174-8755-f934797d0ce9
JavaScript warning: https://static.xx.fbcdn.net/rsrc.php/v3iLCl4/yq/l/es_LA/D3XrCjdXtFY.js?_nc_x=Ij3Wp8lg5Kz, line 19: WEBGL_debug_renderer_info is deprecated in Firefox and will be removed. Please use RENDERER.
1703193226355	addons.xpi	ERROR	System addon update list error SyntaxError: XMLHttpRequest.open: 'http://%(server)s/dummy-system-addons.xml' is not a valid URL.
console.log: "RemoteSettingsWorker error: DataError: IndexedDB: records, timestamps execute() Data provided to an operation does not meet requirements."
console.error: (new RemoteSettingsWorkerError("DataError: IndexedDB: records, timestamps execute() Data provided to an operation does not meet requirements.", "resource://services-settings/RemoteSettingsWorker.sys.mjs", 34))
1703193664588	Marionette	INFO	Stopped listening on port 57741
Dynamically enable window occlusion 1
ng command: "C:\\Program Files\\Mozilla Firefox\\firefox.exe" "--marionette" "--remote-debugging-port" "57882" "--remote-allow-hosts" "localhost" "-no-remote" "-profile" "C:\\Users\\car06\\AppData\\Local\\Temp\\rust_mozprofileFXzS7h"
console.warn: services.settings: Ignoring preference override of remote settings server
console.warn: services.settings: Allow by setting MOZ_REMOTE_SETTINGS_DEVTOOLS=1 in the environment
1703193579674	Marionette	INFO	Marionette enabled
Dynamically enable window occlusion 0
1703193579901	Marionette	INFO	Listening on port 57890
WebDriver BiDi listening on ws://127.0.0.1:57882
Read port: 57890
1703193580211	RemoteAgent	WARN	TLS certificate errors will be ignored for this session
DevTools listening on ws://127.0.0.1:57882/devtools/browser/5e96c30b-d186-4cc2-baaa-07f8f49c47aa
JavaScript warning: https://static.xx.fbcdn.net/rsrc.php/v3iLCl4/yq/l/es_LA/D3XrCjdXtFY.js?_nc_x=Ij3Wp8lg5Kz, line 19: WEBGL_debug_renderer_info is deprecated in Firefox and will be removed. Please use RENDERER.
1703193589529	Marionette	INFO	Stopped listening on port 57890
JavaScript warning: https://static.xx.fbcdn.net/rsrc.php/v3/yg/r/MbkC-2_EJ0h.js?_nc_x=Ij3Wp8lg5Kz, line 327: Script terminated by timeout at:
d@https://static.xx.fbcdn.net/rsrc.php/v3/yg/r/MbkC-2_EJ0h.js?_nc_x=Ij3Wp8lg5Kz:327:1551

Dynamically enable window occlusion 1
1703193655298	geckodriver	INFO	Listening on 127.0.0.1:57942
1703193658365	mozrunner::runner	INFO	Running command: "C:\\Program Files\\Mozilla Firefox\\firefox.exe" "--marionette" "--remote-debugging-port" "57943" "--remote-allow-hosts" "localhost" "-no-remote" "-profile" "C:\\Users\\car06\\AppData\\Local\\Temp\\rust_mozprofileR4MAXZ"
console.warn: services.settings: Ignoring preference override of remote settings server
console.warn: services.settings: Allow by setting MOZ_REMOTE_SETTINGS_DEVTOOLS=1 in the environment
1703193659026	Marionette	INFO	Marionette enabled
Dynamically enable window occlusion 0
1703193659192	Marionette	INFO	Listening on port 57950
WebDriver BiDi listening on ws://127.0.0.1:57943
Read port: 57950
1703193659517	RemoteAgent	WARN	TLS certificate errors will be ignored for this session
DevTools listening on ws://127.0.0.1:57943/devtools/browser/b4e7e053-7d5a-4324-bf80-a793135b6950
1703193669684	Marionette	INFO	Stopped listening on port 57950
JavaScript warning: https://www.mercadolibre.com.mx/, line 5: Script terminated by timeout at:
nrWrapper@https://www.mercadolibre.com.mx/:5:16163

Dynamically enable window occlusion 1
1703194463185	geckodriver	INFO	Listening on 127.0.0.1:58069
1703194466235	mozrunner::runner	INFO	Running command: "C:\\Program Files\\Mozilla Firefox\\firefox.exe" "--marionette" "--remote-debugging-port" "58070" "--remote-allow-hosts" "localhost" "-no-remote" "-profile" "C:\\Users\\car06\\AppData\\Local\\Temp\\rust_mozprofileu1zmA4"
console.warn: services.settings: Ignoring preference override of remote settings server
console.warn: services.settings: Allow by setting MOZ_REMOTE_SETTINGS_DEVTOOLS=1 in the environment
1703194466851	Marionette	INFO	Marionette enabled
Dynamically enable window occlusion 0
1703194467019	Marionette	INFO	Listening on port 58077
WebDriver BiDi listening on ws://127.0.0.1:58070
Read port: 58077
1703194467373	RemoteAgent	WARN	TLS certificate errors will be ignored for this session
DevTools listening on ws://127.0.0.1:58070/devtools/browser/b9f69c85-d4aa-4802-abf1-b7e5d0fe7673
1703194498039	addons.xpi	ERROR	System addon update list erro1703194500438	mozrunner::runner	INFO	Running command: "C:\\Program Files\\Mozilla Firefox\\firefox.exe" "--marionette" "--remote-debugging-port" "58156" "--remote-allow-hosts" "localhost" "-no-remote" "-profile" "C:\\Users\\car06\\AppData\\Local\\Temp\\rust_mozprofilesrtAEP"
console.warn: services.settings: Ignoring preference override of remote settings server
console.warn: services.settings: Allow by setting MOZ_REMOTE_SETTINGS_DEVTOOLS=1 in the environment
1703194501037	MJavaScript warning: https://www.mercadolibre.com.mx/, line 5: Script terminated by timeout at:
i@https://www.mercadolibre.com.mx/:5:13213
p@https://www.mercadolibre.com.mx/:5:9274
emit@https://www.mercadolibre.com.mx/:5:8818
emit@https://www.mercadolibre.com.mx/:5:8795
emit@https://www.mercadolibre.com.mx/:5:8795
i@https://www.mercadolibre.com.mx/:5:16446
nrWrapper@https://www.mercadolibre.com.mx/:5:16274

1703194752723	Marionette	INFO	Stopped listening on port 58077
Dynamically enable window occlusion 1
9	addons.xpi	ERROR	System addon update list error SyntaxError: XMLHttpRequest.open: 'http://%(server)s/dummy-system-addons.xml' is not a valid URL.
console.log: "RemoteSettingsWorker error: DataError: IndexedDB: records, timestamps execute() Data provided to an operation does not meet requirements."
console.error: (new RemoteSettingsWorkerError("DataError: IndexedDB: records, timestamps execute() Data provided to an operation does not meet requirements.", "resource://services-settings/RemoteSettingsWorker.sys.mjs", 34))
1703194753817	Marionette	INFO	Stopped listening on port 58165
Dynamically enable window occlusion 1
ng command: "C:\\Program Files\\Mozilla Firefox\\firefox.exe" "--marionette" "--remote-debugging-port" "58214" "--remote-allow-hosts" "localhost" "-no-remote" "-profile" "C:\\Users\\car06\\AppData\\Local\\Temp\\rust_mozprofilemNypkg"
console.warn: services.settings: Ignoring preference override of remote settings server
console.warn: services.settings: Allow by setting MOZ_REMOTE_SETTINGS_DEVTOOLS=1 in the environment
1703194591460	Marionette	INFO	Marionette enabled
Dynamically enable window occlusion 0
1703194591629	Marionette	INFO	Listening on port 58221
WebDriver BiDi listening on ws://127.0.0.1:58214
Read port: 58221
1703194592014	RemoteAgent	WARN	TLS certificate errors will be ignored for this session
DevTools listening on ws://127.0.0.1:58214/devtools/browser/f787a6f7-bb8b-49bb-a628-768653e88382
1703194622098	addons.xpi	ERROR	System addon update list error SyntaxError: XMLHttpRequest.open: 'http://%(server)s/dummy-system-addons.xml' is not a valid URL.
console.log: "RemoteSettingsWorker error: DataError: IndexedDB: records, timestamps execute() Data provided to an operation does not meet requirements."
console.error: (new RemoteSettingsWorkerError("DataError: IndexedDB: records, timestamps execute() Data provided to an operation does not meet requirements.", "resource://services-settings/RemoteSettingsWorker.sys.mjs", 34))
JavaScript warning: https://www.mercadolibre.com.mx/, line 5: Script terminated by timeout at:
nrWrapper@https://www.mercadolibre.com.mx/:5:16163

1703198301748	Marionette	INFO	Stopped listening on port 58221
Dynamically enable window occlusion 1
-remote" "-profile" "C:\\Users\\car06\\AppData\\Local\\Temp\\rust_mozprofileTozBtc"
console.warn: services.settings: Ignoring preference override of remote settings server
console.warn: services.settings: Allow by setting MOZ_REMOTE_SETTINGS_DEVTOOLS=1 in the environment
1703194749120	Marionette	INFO	Marionette enabled
Dynamically enable window occlusion 0
1703194749276	Marionette	INFO	Listening on port 58332
WebDriver BiDi listening on ws://127.0.0.1:58325
Read port: 58332
1703194749634	RemoteAgent	WARN	TLS certificate errors will be ignored for this session
DevTools listening on ws://127.0.0.1:58325/devtools/browser/96b284a8-b635-4199-995f-13d4d4b5fe9c
1703194780336	addons.xpi	ERROR	System addon update list error SyntaxError: XMLHttpRequest.open: 'http://%(server)s/dummy-system-addons.xml' is not a valid URL.
console.log: "RemoteSettingsWorker error: DataError: IndexedDB: records, timestamps execute() Data provided to an operation does not meet requirements."
console.error: (new RemoteSettingsWorkerError("DataError: IndexedDB: records, timestamps execute() Data provided to an operation does not meet requirements.", "resource://services-settings/RemoteSettingsWorker.sys.mjs", 34))
SourceActor threw an exception: [Exception... "Failed to open input source 'file:///'"  nsresult: "0x805303f4 (<unknown>)"  location: "JS frame :: resource://devtools/shared/DevToolsUtils.js :: mainThreadFetch/< :: line 703"  data: yes]
Stack: mainThreadFetch/<@resource://devtools/shared/DevToolsUtils.js:703:15
mainThreadFetch@resource://devtools/shared/DevToolsUtils.js:556:10
_fetchURLContents@resource://devtools/server/actors/utils/sources-manager.js:456:22
urlContents@resource://devtools/server/actors/utils/sources-manager.js:420:17
_resurrectSource@resource://devtools/server/actors/thread.js:2197:33
addAllSources@resource://devtools/server/actors/thread.js:1518:14
watch@resource://devtools/server/actors/resources/sources.js:78:17
watchResources@resource://devtools/server/actors/resources/index.js:322:19
addOrSetSessionDataEntry@resource://devtools/server/actors/targets/session-data-processors/resources.js:19:21
addOrSetSessionDataEntry@resource://devtools/server/actors/targets/base-target-actor.js:49:23
_addOrSetSessionDataEntry@resource://devtools/server/connectors/js-window-actor/DevToolsFrameChild.sys.mjs:540:24
receiveMessage@resource://devtools/server/connectors/js-window-actor/DevToolsFrameChild.sys.mjs:442:21
Line: 703, column: 0
console.error: ({})
SourceActor threw an exception: [Exception... "Failed to open input source 'file:///'"  nsresult: "0x805303f4 (<unknown>)"  location: "JS frame :: resource://devtools/shared/DevToolsUtils.js :: mainThreadFetch/< :: line 703"  data: yes]
Stack: mainThreadFetch/<@resource://devtools/shared/DevToolsUtils.js:703:15
mainThreadFetch@resource://devtools/shared/DevToolsUtils.js:556:10
_fetchURLContents@resource://devtools/server/actors/utils/sources-manager.js:456:22
urlContents@resource://devtools/server/actors/utils/sources-manager.js:420:17
_resurrectSource@resource://devtools/server/actors/thread.js:2197:33
addAllSources@resource://devtools/server/actors/thread.js:1518:14
watch@resource://devtools/server/actors/resources/sources.js:78:17
watchResources@resource://devtools/server/actors/resources/index.js:322:19
addOrSetSessionDataEntry@resource://devtools/server/actors/targets/session-data-processors/resources.js:19:21
addOrSetSessionDataEntry@resource://devtools/server/actors/targets/base-target-actor.js:49:23
_addOrSetSessionDataEntry@resource://devtools/server/connectors/js-window-actor/DevToolsFrameChild.sys.mjs:540:24
receiveMessage@resource://devtools/server/connectors/js-window-actor/DevToolsFrameChild.sys.mjs:442:21
Line: 703, column: 0
console.error: ({})
SourceActor threw an exception: [Exception... "Failed to open input source 'file:///'"  nsresult: "0x805303f4 (<unknown>)"  location: "JS frame :: resource://devtools/shared/DevToolsUtils.js :: mainThreadFetch/< :: line 703"  data: yes]
Stack: mainThreadFetch/<@resource://devtools/shared/DevToolsUtils.js:703:15
mainThreadFetch@resource://devtools/shared/DevToolsUtils.js:556:10
_fetchURLContents@resource://devtools/server/actors/utils/sources-manager.js:456:22
urlContents@resource://devtools/server/actors/utils/sources-manager.js:420:17
_resurrectSource@resource://devtools/server/actors/thread.js:2197:33
addAllSources@resource://devtools/server/actors/thread.js:1518:14
watch@resource://devtools/server/actors/resources/sources.js:78:17
watchResources@resource://devtools/server/actors/resources/index.js:322:19
addOrSetSessionDataEntry@resource://devtools/server/actors/targets/session-data-processors/resources.js:19:21
addOrSetSessionDataEntry@resource://devtools/server/actors/targets/base-target-actor.js:49:23
_addOrSetSessionDataEntry@resource://devtools/server/connectors/js-window-actor/DevToolsFrameChild.sys.mjs:540:24
receiveMessage@resource://devtools/server/connectors/js-window-actor/DevToolsFrameChild.sys.mjs:442:21
Line: 703, column: 0
console.error: ({})
SourceActor threw an exception: [Exception... "Failed to open input source 'file:///'"  nsresult: "0x805303f4 (<unknown>)"  location: "JS frame :: resource://devtools/shared/DevToolsUtils.js :: mainThreadFetch/< :: line 703"  data: yes]
Stack: mainThreadFetch/<@resource://devtools/shared/DevToolsUtils.js:703:15
mainThreadFetch@resource://devtools/shared/DevToolsUtils.js:556:10
_fetchURLContents@resource://devtools/server/actors/utils/sources-manager.js:456:22
urlContents@resource://devtools/server/actors/utils/sources-manager.js:420:17
_resurrectSource@resource://devtools/server/actors/thread.js:2197:33
addAllSources@resource://devtools/server/actors/thread.js:1518:14
watch@resource://devtools/server/actors/resources/sources.js:78:17
watchResources@resource://devtools/server/actors/resources/index.js:322:19
addOrSetSessionDataEntry@resource://devtools/server/actors/targets/session-data-processors/resources.js:19:21
addOrSetSessionDataEntry@resource://devtools/server/actors/targets/base-target-actor.js:49:23
_addOrSetSessionDataEntry@resource://devtools/server/connectors/js-window-actor/DevToolsFrameChild.sys.mjs:540:24
receiveMessage@resource://devtools/server/connectors/js-window-actor/DevToolsFrameChild.sys.mjs:442:21
Line: 703, column: 0
console.error: ({})
SourceActor threw an exception: [Exception... "Failed to open input source 'file:///'"  nsresult: "0x805303f4 (<unknown>)"  location: "JS frame :: resource://devtools/shared/DevToolsUtils.js :: mainThreadFetch/< :: line 703"  data: yes]
Stack: mainThreadFetch/<@resource://devtools/shared/DevToolsUtils.js:703:15
mainThreadFetch@resource://devtools/shared/DevToolsUtils.js:556:10
_fetchURLContents@resource://devtools/server/actors/utils/sources-manager.js:456:22
urlContents@resource://devtools/server/actors/utils/sources-manager.js:420:17
_resurrectSource@resource://devtools/server/actors/thread.js:2197:33
addAllSources@resource://devtools/server/actors/thread.js:1518:14
watch@resource://devtools/server/actors/resources/sources.js:78:17
watchResources@resource://devtools/server/actors/resources/index.js:322:19
addOrSetSessionDataEntry@resource://devtools/server/actors/targets/session-data-processors/resources.js:19:21
addOrSetSessionDataEntry@resource://devtools/server/actors/targets/base-target-actor.js:49:23
_addOrSetSessionDataEntry@resource://devtools/server/connectors/js-window-actor/DevToolsFrameChild.sys.mjs:540:24
receiveMessage@resource://devtools/server/connectors/js-window-actor/DevToolsFrameChild.sys.mjs:442:21
Line: 703, column: 0
console.error: ({})
SourceActor threw an exception: [Exception... "Failed to open input source 'file:///'"  nsresult: "0x805303f4 (<unknown>)"  location: "JS frame :: resource://devtools/shared/DevToolsUtils.js :: mainThreadFetch/< :: line 703"  data: yes]
Stack: mainThreadFetch/<@resource://devtools/shared/DevToolsUtils.js:703:15
mainThreadFetch@resource://devtools/shared/DevToolsUtils.js:556:10
_fetchURLContents@resource://devtools/server/actors/utils/sources-manager.js:456:22
urlContents@resource://devtools/server/actors/utils/sources-manager.js:420:17
_resurrectSource@resource://devtools/server/actors/thread.js:2197:33
addAllSources@resource://devtools/server/actors/thread.js:1518:14
watch@resource://devtools/server/actors/resources/sources.js:78:17
watchResources@resource://devtools/server/actors/resources/index.js:322:19
addOrSetSessionDataEntry@resource://devtools/server/actors/targets/session-data-processors/resources.js:19:21
addOrSetSessionDataEntry@resource://devtools/server/actors/targets/base-target-actor.js:49:23
_addOrSetSessionDataEntry@resource://devtools/server/connectors/js-window-actor/DevToolsFrameChild.sys.mjs:540:24
receiveMessage@resource://devtools/server/connectors/js-window-actor/DevToolsFrameChild.sys.mjs:442:21
Line: 703, column: 0
console.error: ({})
SourceActor threw an exception: [Exception... "Failed to open input source 'file:///'"  nsresult: "0x805303f4 (<unknown>)"  location: "JS frame :: resource://devtools/shared/DevToolsUtils.js :: mainThreadFetch/< :: line 703"  data: yes]
Stack: mainThreadFetch/<@resource://devtools/shared/DevToolsUtils.js:703:15
mainThreadFetch@resource://devtools/shared/DevToolsUtils.js:556:10
_fetchURLContents@resource://devtools/server/actors/utils/sources-manager.js:456:22
urlContents@resource://devtools/server/actors/utils/sources-manager.js:420:17
_resurrectSource@resource://devtools/server/actors/thread.js:2197:33
addAllSources@resource://devtools/server/actors/thread.js:1518:14
watch@resource://devtools/server/actors/resources/sources.js:78:17
watchResources@resource://devtools/server/actors/resources/index.js:322:19
addOrSetSessionDataEntry@resource://devtools/server/actors/targets/session-data-processors/resources.js:19:21
addOrSetSessionDataEntry@resource://devtools/server/actors/targets/base-target-actor.js:49:23
_addOrSetSessionDataEntry@resource://devtools/server/connectors/js-window-actor/DevToolsFrameChild.sys.mjs:540:24
receiveMessage@resource://devtools/server/connectors/js-window-actor/DevToolsFrameChild.sys.mjs:442:21
Line: 703, column: 0
console.error: ({})
SourceActor threw an exception: [Exception... "Failed to open input source 'file:///'"  nsresult: "0x805303f4 (<unknown>)"  location: "JS frame :: resource://devtools/shared/DevToolsUtils.js :: mainThreadFetch/< :: line 703"  data: yes]
Stack: mainThreadFetch/<@resource://devtools/shared/DevToolsUtils.js:703:15
mainThreadFetch@resource://devtools/shared/DevToolsUtils.js:556:10
_fetchURLContents@resource://devtools/server/actors/utils/sources-manager.js:456:22
urlContents@resource://devtools/server/actors/utils/sources-manager.js:420:17
_resurrectSource@resource://devtools/server/actors/thread.js:2197:33
addAllSources@resource://devtools/server/actors/thread.js:1518:14
watch@resource://devtools/server/actors/resources/sources.js:78:17
watchResources@resource://devtools/server/actors/resources/index.js:322:19
addOrSetSessionDataEntry@resource://devtools/server/actors/targets/session-data-processors/resources.js:19:21
addOrSetSessionDataEntry@resource://devtools/server/actors/targets/base-target-actor.js:49:23
_addOrSetSessionDataEntry@resource://devtools/server/connectors/js-window-actor/DevToolsFrameChild.sys.mjs:540:24
receiveMessage@resource://devtools/server/connectors/js-window-actor/DevToolsFrameChild.sys.mjs:442:21
Line: 703, column: 0
console.error: ({})
JavaScript error: resource://devtools/shared/DevToolsUtils.js, line 703: Failed to open input source 'file:///'
JavaScript error: resource://devtools/shared/DevToolsUtils.js, line 703: Failed to open input source 'file:///'
JavaScript error: resource://devtools/shared/DevToolsUtils.js, line 703: Failed to open input source 'file:///'
JavaScript error: resource://devtools/shared/DevToolsUtils.js, line 703: Failed to open input source 'file:///'
JavaScript error: resource://devtools/shared/DevToolsUtils.js, line 703: Failed to open input source 'file:///'
JavaScript error: resource://devtools/shared/DevToolsUtils.js, line 703: Failed to open input source 'file:///'
JavaScript error: resource://devtools/shared/DevToolsUtils.js, line 703: Failed to open input source 'file:///'
JavaScript error: resource://devtools/shared/DevToolsUtils.js, line 703: Failed to open input source 'file:///'
JavaScript error: resource://gre/modules/AsyncShutdown.sys.mjs, line 573: NotFoundError: No such JSWindowActor 'DevToolsFrame'
JavaScript error: resource://gre/modules/AsyncShutdown.sys.mjs, line 573: NotFoundError: No such JSWindowActor 'DevToolsFrame'
JavaScript error: resource://gre/modules/AsyncShutdown.sys.mjs, line 573: NotFoundError: No such JSWindowActor 'DevToolsFrame'
JavaScript error: resource://gre/modules/AsyncShutdown.sys.mjs, line 573: NotFoundError: No such JSWindowActor 'DevToolsFrame'
JavaScript error: resource://gre/modules/AsyncShutdown.sys.mjs, line 573: NotFoundError: No such JSWindowActor 'DevToolsFrame'
JavaScript error: resource://gre/modules/AsyncShutdown.sys.mjs, line 573: NotFoundError: No such JSWindowActor 'DevToolsFrame'
JavaScript error: resource://gre/modules/AsyncShutdown.sys.mjs, line 573: NotFoundError: No such JSWindowActor 'DevToolsFrame'
JavaScript error: resource://gre/modules/AsyncShutdown.sys.mjs, line 573: NotFoundError: No such JSWindowActor 'DevToolsFrame'
JavaScript error: resource://gre/modules/AsyncShutdown.sys.mjs, line 573: NotFoundError: No such JSWindowActor 'DevToolsFrame'
JavaScript error: resource://gre/modules/AsyncShutdown.sys.mjs, line 573: NotFoundError: No such JSWindowActor 'DevToolsFrame'
JavaScript error: resource://gre/modules/AsyncShutdown.sys.mjs, line 573: NotFoundError: No such JSWindowActor 'DevToolsFrame'
JavaScript error: resource://gre/modules/AsyncShutdown.sys.mjs, line 573: NotFoundError: No such JSWindowActor 'DevToolsFrame'
JavaScript error: resource://gre/modules/AsyncShutdown.sys.mjs, line 573: NotFoundError: No such JSWindowActor 'DevToolsFrame'
JavaScript error: resource://gre/modules/AsyncShutdown.sys.mjs, line 573: NotFoundError: No such JSWindowActor 'DevToolsFrame'
JavaScript error: resource://gre/modules/AsyncShutdown.sys.mjs, line 573: NotFoundError: No such JSWindowActor 'DevToolsFrame'
JavaScript error: resource://gre/modules/AsyncShutdown.sys.mjs, line 573: NotFoundError: No such JSWindowActor 'DevToolsFrame'
JavaScript error: resource://gre/modules/AsyncShutdown.sys.mjs, line 573: NotFoundError: No such JSWindowActor 'DevToolsFrame'
JavaScript error: resource://gre/modules/AsyncShutdown.sys.mjs, line 573: NotFoundError: No such JSWindowActor 'DevToolsFrame'
JavaScript error: resource://gre/modules/AsyncShutdown.sys.mjs, line 573: NotFoundError: No such JSWindowActor 'DevToolsFrame'
JavaScript error: resource://gre/modules/AsyncShutdown.sys.mjs, line 573: NotFoundError: No such JSWindowActor 'DevToolsFrame'
JavaScript error: resource://gre/modules/AsyncShutdown.sys.mjs, line 573: NotFoundError: No such JSWindowActor 'DevToolsFrame'
JavaScript error: resource://gre/modules/AsyncShutdown.sys.mjs, line 573: NotFoundError: No such JSWindowActor 'DevToolsFrame'
JavaScript error: resource://gre/modules/AsyncShutdown.sys.mjs, line 573: NotFoundError: No such JSWindowActor 'DevToolsFrame'
JavaScript error: resource://gre/modules/AsyncShutdown.sys.mjs, line 573: NotFoundError: No such JSWindowActor 'DevToolsFrame'
JavaScript error: resource://gre/modules/AsyncShutdown.sys.mjs, line 573: NotFoundError: No such JSWindowActor 'DevToolsFrame'
JavaScript error: resource://gre/modules/AsyncShutdown.sys.mjs, line 573: NotFoundError: No such JSWindowActor 'DevToolsFrame'
JavaScript error: resource://gre/modules/AsyncShutdown.sys.mjs, line 573: NotFoundError: No such JSWindowActor 'DevToolsFrame'
JavaScript error: resource://gre/modules/AsyncShutdown.sys.mjs, line 573: NotFoundError: No such JSWindowActor 'DevToolsFrame'
JavaScript error: resource://gre/modules/AsyncShutdown.sys.mjs, line 573: NotFoundError: No such JSWindowActor 'DevToolsFrame'
JavaScript error: resource://gre/modules/AsyncShutdown.sys.mjs, line 573: NotFoundError: No such JSWindowActor 'DevToolsFrame'
JavaScript error: resource://gre/modules/AsyncShutdown.sys.mjs, line 573: NotFoundError: No such JSWindowActor 'DevToolsFrame'
JavaScript error: resource://gre/modules/AsyncShutdown.sys.mjs, line 573: NotFoundError: No such JSWindowActor 'DevToolsFrame'
JavaScript error: resource://gre/modules/AsyncShutdown.sys.mjs, line 573: NotFoundError: No such JSWindowActor 'DevToolsFrame'
JavaScript error: resource://gre/modules/AsyncShutdown.sys.mjs, line 573: NotFoundError: No such JSWindowActor 'DevToolsFrame'
JavaScript error: resource://gre/modules/AsyncShutdown.sys.mjs, line 573: NotFoundError: No such JSWindowActor 'DevToolsFrame'
1703198301081	Marionette	INFO	Stopped listening on port 58332
Dynamically enable window occlusion 1
1703198403529	geckodriver	INFO	Listening on 127.0.0.1:59155
1703198406643	mozrunner::runner	INFO	Running command: "C:\\Program Files\\Mozilla Firefox\\firefox.exe" "--marionette" "--remote-debugging-port" "59156" "--remote-allow-hosts" "localhost" "-no-remote" "-profile" "C:\\Users\\car06\\AppData\\Local\\Temp\\rust_mozprofilepiqqO6"
console.warn: services.settings: Ignoring preference override of remote settings server
console.warn: services.settings: Allow by setting MOZ_REMOTE_SETTINGS_DEVTOOLS=1 in the environment
1703198407471	Marionette	INFO	Marionette enabled
Dynamically enable window occlusion 0
1703198407668	Marionette	INFO	Listening on port 59163
WebDriver BiDi listening on ws://127.0.0.1:59156
Read port: 59163
1703198408059	RemoteAgent	WARN	TLS certificate errors will be ignored for this session
DevTools listening on ws://127.0.0.1:59156/devtools/browser/42ace8a8-3571-4817-91b9-6c666c2c47c4
1703198437592	addons.xpi	ERROR	System addon update list error SyntaxError: XMLHttpRequest.open: 'http://%(server)s/dummy-system-addons.xml' is not a valid URL.
console.log: "RemoteSettingsWorker error: DataError: IndexedDB: records, timestamps execute() Data provided to an operation does not meet requirements."
console.error: (new RemoteSettingsWorkerError("DataError: IndexedDB: records, timestamps execute() Data provided to an operation does not meet requirements.", "resource://services-settings/RemoteSettingsWorker.sys.mjs", 34))
JavaScript warning: https://www.mercadolibre.com.mx/, line 5: Script terminated by timeout at:
nrWrapper@https://www.mercadolibre.com.mx/:5:16163

1703199020092	Marionette	INFO	Stopped listening on port 59163
Dynamically enable window occlusion 1
-remote" "-profile" "C:\\Users\\car06\\AppData\\Local\\Temp\\rust_mozprofilecTLCQy"
console.warn: services.settings: Ignoring preference override of remote settings server
console.warn: services.settings: Allow by setting MOZ_REMOTE_SETTINGS_DEVTOOLS=1 in the environment
1703199016870	Marionette	INFO	Marionette enabled
Dynamically enable window occlusion 0
1703199017050	Marionette	INFO	Listening on port 59291
WebDriver BiDi listening on ws://127.0.0.1:59284
Read port: 59291
1703199017453	RemoteAgent	WARN	TLS certificate errors will be ignored for this session
DevTools listening on ws://127.0.0.1:59284/devtools/browser/fd4dfb4f-8402-4030-9f71-9b337eed2582
1703199048728	addons.xpi	ERROR	System addon update list error SyntaxError: XMLHttpRequest.open: 'http://%(server)s/dummy-system-addons.xml' is not a valid URL.
console.log: "RemoteSettingsWorker error: DataError: IndexedDB: records, timestamps execute() Data provided to an operation does not meet requirements."
console.error: (new RemoteSettingsWorkerError("DataError: IndexedDB: records, timestamps execute() Data provided to an operation does not meet requirements.", "resource://services-settings/RemoteSettingsWorker.sys.mjs", 34))
JavaScript warning: https://www.mercadolibre.com.mx/, line 51703199074008	mozrunner::runner	INFO	Running command: "C:\\Program Files\\Mozilla Firefox\\firefox.exe" "--marionette" "--remote-debugging-port" "59372" "--remote-allow-hosts" "localhost" "-no-remote" "-profile" "C:\\Users\\car06\\AppData\\Local\\Temp\\rust_mozprofilepXS0Kw"
console.warn: services.settings: Ignoring preference override of remote settings server
console.warn: services.settings: Allow by setting MOZ_REMOTE_SETTINGS_DEVTOOLS=1 in the environment
1703199074598	Marionette	INFO	Marionette enabled
Dynamically enable window occlusion 0
1703199074767	Marionette	INFO	Listening on port 59382
WebDriver BiDi listening on ws://127.0.0.1:59372
Read port: 59382
1703199075144	RemoteAgent	WARN	TLS certificate errors will be ignored for this session
DevTools listening on ws://127.0.0.1:59372/devtools/browser/8287873b-7239-43e9-94a0-a5aa5fd50dab
1703199104978	addons.xpi	ERROR	System addon update list error SyntaxError: XMLHttpRequest.open: 'http://%(server)s/dummy-system-addons.xml' is not a valid URL.
console.log: "RemoteSettingsWorker error: DataError: IndexedDB: records, timestamps execute() Data provided to an operation does not meet requirements."
console.error: (new RemoteSettingsWorkerError("DataError: IndexedDB: records, timestamps execute() Data provided to an operation does not meet requirements.", "resource://services-settings/RemoteSettingsWorker.sys.mjs", 34))
JavaScript warning: https://www.mercadolibre.com.mx/, line 5: Script terminated by timeout at:
nrWrapper@https://www.mercadolibre.com.mx/:5:16163

1703200170573	Marionette	INFO	Stopped listening on port 59382
Dynamically enable window occlusion 1
-remote" "-profile" "C:\\Users\\car06\\AppData\\Local\\Temp\\rust_mozprofiledOzz2L"
console.warn: services.settings: Ignoring preference override of remote settings server
console.warn: services.settings: Allow by setting MOZ_REMOTE_SETTINGS_DEVTOOLS=1 in the environment
1703199979726	Marionette	INFO	Marionette enabled
Dynamically enable window occlusion 0
1703199979890	Marionette	INFO	Listening on port 59584
WebDriver BiDi listening on ws://127.0.0.1:59576
Read port: 59584
1703199980263	RemoteAgent	WARN	TLS certificate errors will be ignored for this session
DevTools listening on ws://127.0.0.1:59576/devtools/browser/e192546e-5bfb-4ab1-ba96-8d843a3c862d
1703200011206	addons.xpi	ERROR	System addon update list error SyntaxError: XMLHttpRequest.open: 'http://%(server)s/dummy-system-addons.xml' is not a valid URL.
console.log: "RemoteSettingsWorker error: DataError: IndexedDB: records, timestamps execute() Data provided to an operation does not meet requirements."
console.error: (new RemoteSettingsWorkerError("DataError: IndexedDB: records, timestamps execute() Data provided to an operation does not meet requirements.", "resource://services-settings/RemoteSettingsWorker.sys.mjs", 34))
JavaScript warning: https://js-agent.newrelic.com/nr-rum-1.249.0.min.js, line 2: Script terminated by timeout at:
nrWrapper@https://js-agent.newrelic.com/nr-rum-1.249.0.min.js:2:9281

1703200171434	Marionette	INFO	Stopped listening on port 59584
Dynamically enable window occlusion 1
1703200677391	geckodriver	INFO	Listening on 127.0.0.1:59993
1703200680501	mozrunner::runner	INFO	Running command: "C:\\Program Files\\Mozilla Firefox\\firefox.exe" "--marionette" "--remote-debugging-port" "59994" "--remote-allow-hosts" "localhost" "-no-remote" "-profile" "C:\\Users\\car06\\AppData\\Local\\Temp\\rust_mozprofilela1KYA"
console.warn: services.settings: Ignoring preference override of remote settings server
console.warn: services.settings: Allow by setting MOZ_REMOTE_SETTINGS_DEVTOOLS=1 in the environment
1703200681078	Marionette	INFO	Marionette enabled
Dynamically enable window occlusion 0
1703200681376	Marionette	INFO	Listening on port 60003
WebDriver BiDi listening on ws://127.0.0.1:59994
Read port: 60003
1703200681866	RemoteAgent	WARN	TLS certificate errors will be ignored for this session
DevTools listening on ws://127.0.0.1:59994/devtools/browser/ab19a271-d8a8-4995-bc8a-b71df85390cb
JavaScript warning: https://js-agent.newrelic.com/nr-rum-1.249.0.min.js, line 2: Script terminated by timeout at:
nrWrapper@https://js-agent.newrelic.com/nr-rum-1.249.0.min.js:2:9281

1703200708514	Marionette	INFO	Stopped listening on port 60003
Dynamically enable window occlusion 1
1703200738695	geckodriver	INFO	Listening on 127.0.0.1:60095
1703200741791	mozrunner::runner	INFO	Running command: "C:\\Program Files\\Mozilla Firefox\\firefox.exe" "--marionette" "--remote-debugging-port" "60096" "--remote-allow-hosts" "localhost" "-no-remote" "-profile" "C:\\Users\\car06\\AppData\\Local\\Temp\\rust_mozprofileXdnIHp"
console.warn: services.settings: Ignoring preference override of remote settings server
console.warn: services.settings: Allow by setting MOZ_REMOTE_SETTINGS_DEVTOOLS=1 in the environment
1703200742373	Marionette	INFO	Marionette enabled
Dynamically enable window occlusion 0
1703200742556	Marionette	INFO	Listening on port 60105
WebDriver BiDi listening on ws://127.0.0.1:60096
Read port: 60105
1703200742932	RemoteAgent	WARN	TLS certificate errors will be ignored for this session
DevTools listening on ws://127.0.0.1:60096/devtools/browser/e6e6d709-3218-4308-b20b-54f68fcb6d5a
1703200773647	addons.xpi	ERROR	System addon update list error SyntaxError: XMLHttpRequest.open: 'http://%(server)s/dummy-system-addons.xml' is not a valid URL.
console.log: "RemoteSettingsWorker error: DataError: IndexedDB: records, timestamps execute() Data provided to an operation does not meet requirements."
console.error: (new RemoteSettingsWorkerError("DataError: IndexedDB: records, timestamps execute() Data provided to an operation does not meet requirements.", "resource://services-settings/RemoteSettingsWorker.sys.mjs", 34))
JavaScript warning: https://js-agent.newrelic.com/nr-rum-1.21703200817304	mozrunner::runner	INFO	Running command: "C:\\Program Files\\Mozilla Firefox\\firefox.exe" "--marionette" "--remote-debugging-port" "60206" "--remote-allow-hosts" "localhost" "-no-remote" "-profile" "C:\\Users\\car06\\AppData\\Local\\Temp\\rust_mozprofile2CV20v"
console.warn: services.settings: Ignoring preference override of remote settings server
console.warn: services.settings: Allow by setting MOZ_REMOTE_SETTINGS_DEVTOOLS=1 in the environment
1703200818037	Marionette	INFO	Marionette enabled
Dynamically enable window occlusion 0
1703200818202	Marionette	INFO	Listening on port 60217
WebDriver BiDi listening on ws://127.0.0.1:60206
Read port: 60217
1703200818565	RemoteAgent	WARN	TLS certificate errors will be ignored for this session
DevTools listening on ws://127.0.0.1:60206/devtools/browser/f706a6c8-94bc-4041-b63f-aea4defd33d3
1703200849262	addons.xpi	ERROR	System addon update list error SyntaxError: XMLHttpRequest.open: 'http://%(server)s/dummy-system-addons.xml' is not a valid URL.
console.log: "RemoteSettingsWorker error: DataError: IndexedDB: records, timestamps execute() Data provided to an operation does not meet requirements."
console.error: (new RemoteSettingsWorkerError("DataError: IndexedDB: records, timestamps execute() Data provided to an operation does not meet requirements.", "resource://services-settings/RemoteSettingsWorker.sys.mjs", 34))
JavaScript warning: https://js-agent.newrelic.com/nr-rum-1.249.0.min.js, line 2: Script terminated by timeout at:
nrWrapper@https://js-agent.newrelic.com/nr-rum-1.249.0.min.js:2:9281

1703201243335	Marionette	INFO	Stopped listening on port 60217
Dynamically enable window occlusion 1
\\AppData\\Local\\Temp\\rust_mozprofilecJY7d5"
console.warn: services.settings: Ignoring preference override of remote settings server
console.warn: services.settings: Allow by setting MOZ_REMOTE_SETTINGS_DEVTOOLS=1 in the environment
1703201021295	Marionette	INFO	Marionette enabled
Dynamically enable window occlusion 0
1703201021485	Marionette	INFO	Listening on port 60394
WebDriver BiDi listening on ws://127.0.0.1:60385
Read port: 60394
1703201021838	RemoteAgent	WARN	TLS certificate errors will be ignored for this session
DevTools listening on ws://127.0.0.1:60385/devtools/browser/28da3a8b-e3ca-4c55-9491-80e37b82a9cd
1703201054681	addons.xpi	ERROR	System addon update list error SyntaxError: XMLHttpRequest.open: 'http://%(server)s/dummy-system-addons.xml' is not a valid URL.
console.log: "RemoteSettingsWorker error: DataError: IndexedDB: records, timestamps execute() Data provided to an operation does not meet requirements."
console.error: (new RemoteSettingsWorkerError("DataError: IndexedDB: records, timestamps execute() Data provided to an operation does not meet requirements.", "resource://services-settings/RemoteSettingsWorker.sys.mjs", 34))
JavaScript warning: https://www.mercadolibre.com.mx/ofertas#nav-header, line 5: Script terminated by timeout at:
Nk@https://www.mercadolibre.com.mx/ofertas#nav-header:5:5748
i@https://js-agent.newrelic.com/nr-rum-1.249.0.min.js:2:16873
runHarvest@https://js-agent.newrelic.com/nr-rum-1.249.0.min.js:2:1142
unload@https://js-agent.newrelic.com/nr-rum-1.249.0.min.js:2:554
i/<@https://www.mercadolibre.com.mx/ofertas#nav-header:5:14602
nrWrapper@https://js-agent.newrelic.com/nr-rum-1.249.0.min.js:2:9431

1703201244212	Marionette	INFO	Stopped listening on port 60394
Dynamically enable window occlusion 1
